17:57:44 BIOCONDA INFO Considering total of 1 recipes (perl-convert-pheno).
17:57:44 BIOCONDA INFO Constraining to 2 git modified recipes (convert-pheno, perl-convert-pheno).
17:57:44 BIOCONDA INFO Overlap was 1 recipes (perl-convert-pheno).
17:57:44 BIOCONDA INFO Processing 1 recipes (perl-convert-pheno).
17:57:44 BIOCONDA INFO Generating DAG
17:57:44 BIOCONDA INFO 1 recipes to build and test: 
perl-convert-pheno
17:57:44 BIOCONDA INFO Determining expected packages for recipes/perl-convert-pheno
17:57:44 CONDA_BUILD WARNING Setting build platform. This is only useful when pretending to be on another platform, such as for rendering necessary dependencies on a non-native platform. I trust that you know what you're doing.
Updating build index: /home/ivo/mambaforge/envs/biocondaPy37/conda-bld

17:57:44 CONDA_BUILD WARNING No numpy version specified in conda_build_config.yaml.  Falling back to default numpy value of 1.16
Adding in variants from internal_defaults
17:57:44 CONDA_BUILD INFO Adding in variants from internal_defaults
Adding in variants from /home/ivo/mambaforge/envs/biocondaPy37/conda_build_config.yaml
17:57:44 CONDA_BUILD INFO Adding in variants from /home/ivo/mambaforge/envs/biocondaPy37/conda_build_config.yaml
Adding in variants from /home/ivo/mambaforge/envs/biocondaPy37/lib/python3.7/site-packages/bioconda_utils/bioconda_utils-conda_build_config.yaml
17:57:44 CONDA_BUILD INFO Adding in variants from /home/ivo/mambaforge/envs/biocondaPy37/lib/python3.7/site-packages/bioconda_utils/bioconda_utils-conda_build_config.yaml
Updating build index: /home/ivo/mambaforge/envs/biocondaPy37/conda-bld

Adding in variants from argument_variants
17:58:07 CONDA_BUILD INFO Adding in variants from argument_variants
Attempting to finalize metadata for perl-convert-pheno
17:58:07 CONDA_BUILD INFO Attempting to finalize metadata for perl-convert-pheno
Reloading output folder: /home/ivo/mambaforge/envs/biocondaPy37/conda-bld
Transaction

  Prefix: /home/ivo/mambaforge/envs/biocondaPy37

  Updating specs:

   - gcc_linux-64=10
   - make


  Package                    Version  Build        Channel                    Size
────────────────────────────────────────────────────────────────────────────────────
  Install:
────────────────────────────────────────────────────────────────────────────────────

  + _libgcc_mutex                0.1  conda_forge  conda-forge/linux-64     Cached
  + _openmp_mutex                4.5  2_gnu        conda-forge/linux-64     Cached
  + binutils_impl_linux-64      2.39  he00db2b_1   conda-forge/linux-64     Cached
  + binutils_linux-64           2.39  h5fc0e48_13  conda-forge/linux-64     Cached
  + gcc_impl_linux-64         10.4.0  h5231bdf_19  conda-forge/linux-64     Cached
  + gcc_linux-64              10.4.0  h9215b83_13  conda-forge/linux-64     Cached
  + kernel-headers_linux-64   2.6.32  he073ed8_15  conda-forge/noarch       Cached
  + ld_impl_linux-64            2.39  hcc3a1bd_1   conda-forge/linux-64     Cached
  + libgcc-devel_linux-64     10.4.0  hd38fd1e_19  conda-forge/linux-64     Cached
  + libgcc-ng                 13.1.0  he5830b7_0   conda-forge/linux-64     Cached
  + libgomp                   13.1.0  he5830b7_0   conda-forge/linux-64     Cached
  + libsanitizer              10.4.0  h5246dfb_19  conda-forge/linux-64     Cached
  + libstdcxx-ng              13.1.0  hfd8a6a1_0   conda-forge/linux-64     Cached
  + make                         4.3  hd18ef5c_1   conda-forge/linux-64     Cached
  + sysroot_linux-64            2.12  he073ed8_15  conda-forge/noarch       Cached

  Summary:

  Install: 15 packages

  Total download: 0 B

────────────────────────────────────────────────────────────────────────────────────

Reloading output folder: /home/ivo/mambaforge/envs/biocondaPy37/conda-bld
Transaction

  Prefix: /home/ivo/mambaforge/envs/biocondaPy37

  Updating specs:

   - perl-app-cpanminus
   - perl-dbd-sqlite
   - perl-sort-naturally
   - perl-test-exception
   - perl-json-xs
   - perl-dbi
   - perl-perlio-gzip
   - libgcc-ng[version='>=12']
   - perl=5.32.1


  Package                  Version  Build             Channel                                                         Size
────────────────────────────────────────────────────────────────────────────────────────────────────────────────────────────
  Install:
────────────────────────────────────────────────────────────────────────────────────────────────────────────────────────────

  + _libgcc_mutex              0.1  conda_forge       conda-forge/linux-64                                          Cached
  + _openmp_mutex              4.5  2_gnu             conda-forge/linux-64                                          Cached
  + libgcc-ng               13.1.0  he5830b7_0        conda-forge/linux-64                                          Cached
  + libgomp                 13.1.0  he5830b7_0        conda-forge/linux-64                                          Cached
  + libnsl                   2.0.0  h7f98852_0        conda-forge/linux-64                                          Cached
  + libstdcxx-ng            13.1.0  hfd8a6a1_0        conda-forge/linux-64                                          Cached
  + libzlib                 1.2.13  hd590300_5        conda-forge/linux-64                                          Cached
  + perl                    5.32.1  2_h7f98852_perl5  conda-forge/linux-64                                          Cached
  + perl-app-cpanminus      1.7046  pl5321hd8ed1ab_0  conda-forge/noarch                                            Cached
  + perl-common-sense         3.75  pl5321hd8ed1ab_0  conda-forge/noarch                                            Cached
  + perl-dbd-sqlite           1.72  pl5321h031d066_1  bioconda/linux-64                                             Cached
  + perl-dbi                 1.643  pl5321h166bdaf_0  conda-forge/linux-64                                          Cached
  + perl-json-xs              4.03  pl5321h4ac6f70_2  bioconda/linux-64                                             Cached
  + perl-perlio-gzip          0.20  pl5321h7132678_6  /home/ivo/mambaforge/envs/biocondaPy37/conda-bld/linux-64     Cached
  + perl-sort-naturally       1.03  pl5321hdfd78af_3  bioconda/noarch                                               Cached
  + perl-sub-uplevel        0.2800  pl5321h166bdaf_0  conda-forge/linux-64                                          Cached
  + perl-test-exception       0.43  pl5321hd8ed1ab_0  conda-forge/noarch                                            Cached
  + perl-types-serialiser     1.01  pl5321hdfd78af_0  bioconda/noarch                                               Cached
  + zlib                    1.2.13  hd590300_5        conda-forge/linux-64                                          Cached

  Summary:

  Install: 19 packages

  Total download: 0 B

────────────────────────────────────────────────────────────────────────────────────────────────────────────────────────────

Reloading output folder: /home/ivo/mambaforge/envs/biocondaPy37/conda-bld
Transaction

  Prefix: /home/ivo/mambaforge/envs/biocondaPy37

  Updating specs:

   - _libgcc_mutex=0.1[build=conda_forge]
   - zlib=1.2.13[build=hd590300_5]
   - libzlib=1.2.13[build=hd590300_5]
   - perl-dbi=1.643[build=pl5321h166bdaf_0]
   - libstdcxx-ng=13.1.0[build=hfd8a6a1_0]
   - perl-test-exception=0.43[build=pl5321hd8ed1ab_0]
   - perl-dbd-sqlite=1.72[build=pl5321h031d066_1]
   - libgcc-ng=13.1.0[build=he5830b7_0]
   - libgomp=13.1.0[build=he5830b7_0]
   - perl-json-xs=4.03[build=pl5321h4ac6f70_2]
   - perl-sort-naturally=1.03[build=pl5321hdfd78af_3]
   - perl-app-cpanminus=1.7046[build=pl5321hd8ed1ab_0]
   - perl-types-serialiser=1.01[build=pl5321hdfd78af_0]
   - perl-sub-uplevel=0.2800[build=pl5321h166bdaf_0]
   - _openmp_mutex=4.5[build=2_gnu]
   - perl-common-sense=3.75[build=pl5321hd8ed1ab_0]
   - libnsl=2.0.0[build=h7f98852_0]
   - perl=5.32.1[build=2_h7f98852_perl5]
   - perl-perlio-gzip=0.20[build=pl5321h7132678_6]


  Package                  Version  Build             Channel                                                         Size
────────────────────────────────────────────────────────────────────────────────────────────────────────────────────────────
  Install:
────────────────────────────────────────────────────────────────────────────────────────────────────────────────────────────

  + _libgcc_mutex              0.1  conda_forge       conda-forge/linux-64                                          Cached
  + _openmp_mutex              4.5  2_gnu             conda-forge/linux-64                                          Cached
  + libgcc-ng               13.1.0  he5830b7_0        conda-forge/linux-64                                          Cached
  + libgomp                 13.1.0  he5830b7_0        conda-forge/linux-64                                          Cached
  + libnsl                   2.0.0  h7f98852_0        conda-forge/linux-64                                          Cached
  + libstdcxx-ng            13.1.0  hfd8a6a1_0        conda-forge/linux-64                                          Cached
  + libzlib                 1.2.13  hd590300_5        conda-forge/linux-64                                          Cached
  + perl                    5.32.1  2_h7f98852_perl5  conda-forge/linux-64                                          Cached
  + perl-app-cpanminus      1.7046  pl5321hd8ed1ab_0  conda-forge/noarch                                            Cached
  + perl-common-sense         3.75  pl5321hd8ed1ab_0  conda-forge/noarch                                            Cached
  + perl-dbd-sqlite           1.72  pl5321h031d066_1  bioconda/linux-64                                             Cached
  + perl-dbi                 1.643  pl5321h166bdaf_0  conda-forge/linux-64                                          Cached
  + perl-json-xs              4.03  pl5321h4ac6f70_2  bioconda/linux-64                                             Cached
  + perl-perlio-gzip          0.20  pl5321h7132678_6  /home/ivo/mambaforge/envs/biocondaPy37/conda-bld/linux-64     Cached
  + perl-sort-naturally       1.03  pl5321hdfd78af_3  bioconda/noarch                                               Cached
  + perl-sub-uplevel        0.2800  pl5321h166bdaf_0  conda-forge/linux-64                                          Cached
  + perl-test-exception       0.43  pl5321hd8ed1ab_0  conda-forge/noarch                                            Cached
  + perl-types-serialiser     1.01  pl5321hdfd78af_0  bioconda/noarch                                               Cached
  + zlib                    1.2.13  hd590300_5        conda-forge/linux-64                                          Cached

  Summary:

  Install: 19 packages

  Total download: 0 B

────────────────────────────────────────────────────────────────────────────────────────────────────────────────────────────

17:59:44 BIOCONDA INFO BUILD START recipes/perl-convert-pheno
Updating build index: /home/ivo/mambaforge/envs/biocondaPy37/conda-bld

17:59:44 BIOCONDA INFO (COMMAND) /home/ivo/mambaforge/envs/biocondaPy37/bin/conda mambabuild --override-channels --no-anaconda-upload -c conda-forge -c bioconda -c defaults -e /home/ivo/mambaforge/envs/biocondaPy37/conda_build_config.yaml -e /home/ivo/mambaforge/envs/biocondaPy37/lib/python3.7/site-packages/bioconda_utils/bioconda_utils-conda_build_config.yaml recipes/perl-convert-pheno/meta.yaml
17:59:45 BIOCONDA INFO (ERR) /home/ivo/mambaforge/envs/biocondaPy37/lib/python3.7/site-packages/conda_build/cli/main_build.py:390: UserWarning: RECIPE_PATH received is a file. File: recipes/perl-convert-pheno/meta.yaml
17:59:45 BIOCONDA INFO (ERR) It should be a path to a folder.
17:59:45 BIOCONDA INFO (ERR) Forcing conda-build to use the recipe file.
17:59:45 BIOCONDA INFO (ERR)   UserWarning
17:59:45 BIOCONDA INFO (ERR) No numpy version specified in conda_build_config.yaml.  Falling back to default numpy value of 1.16
17:59:45 BIOCONDA INFO (ERR) WARNING:conda_build.metadata:No numpy version specified in conda_build_config.yaml.  Falling back to default numpy value of 1.16
17:59:45 BIOCONDA INFO (OUT) Updating build index: /home/ivo/mambaforge/envs/biocondaPy37/conda-bld
17:59:45 BIOCONDA INFO (OUT) 
17:59:45 BIOCONDA INFO (OUT) Adding in variants from internal_defaults
17:59:45 BIOCONDA INFO (OUT) Adding in variants from /home/ivo/mambaforge/envs/biocondaPy37/conda_build_config.yaml
17:59:45 BIOCONDA INFO (ERR) INFO:conda_build.variants:Adding in variants from internal_defaults
17:59:45 BIOCONDA INFO (OUT) Adding in variants from /home/ivo/mambaforge/envs/biocondaPy37/lib/python3.7/site-packages/bioconda_utils/bioconda_utils-conda_build_config.yaml
17:59:45 BIOCONDA INFO (ERR) INFO:conda_build.variants:Adding in variants from /home/ivo/mambaforge/envs/biocondaPy37/conda_build_config.yaml
17:59:45 BIOCONDA INFO (ERR) INFO:conda_build.variants:Adding in variants from /home/ivo/mambaforge/envs/biocondaPy37/lib/python3.7/site-packages/bioconda_utils/bioconda_utils-conda_build_config.yaml
17:59:45 BIOCONDA INFO (OUT) Attempting to finalize metadata for perl-convert-pheno
17:59:45 BIOCONDA INFO (ERR) INFO:conda_build.metadata:Attempting to finalize metadata for perl-convert-pheno
17:59:46 BIOCONDA INFO (OUT) conda-forge/linux-64                                        Using cache
17:59:46 BIOCONDA INFO (OUT) conda-forge/noarch                                          Using cache
17:59:46 BIOCONDA INFO (OUT) bioconda/linux-64                                           Using cache
17:59:46 BIOCONDA INFO (OUT) bioconda/noarch                                             Using cache
17:59:47 BIOCONDA INFO (OUT) Reloading output folder: /home/ivo/mambaforge/envs/biocondaPy37/conda-bld
18:00:33 BIOCONDA INFO (ERR) DEBUG:urllib3.connectionpool:Starting new HTTPS connection (1): repo.anaconda.com:443
18:00:33 BIOCONDA INFO (ERR) DEBUG:urllib3.connectionpool:https://repo.anaconda.com:443 "GET /pkgs/main/linux-64/repodata.json HTTP/1.1" 304 0
18:00:35 BIOCONDA INFO (ERR) DEBUG:urllib3.connectionpool:https://repo.anaconda.com:443 "GET /pkgs/main/noarch/repodata.json HTTP/1.1" 304 0
18:00:36 BIOCONDA INFO (ERR) DEBUG:urllib3.connectionpool:https://repo.anaconda.com:443 "GET /pkgs/r/linux-64/repodata.json HTTP/1.1" 304 0
18:00:37 BIOCONDA INFO (ERR) DEBUG:urllib3.connectionpool:https://repo.anaconda.com:443 "GET /pkgs/r/noarch/repodata.json HTTP/1.1" 304 0
.18:01:03 BIOCONDA INFO (ERR) DEBUG:urllib3.connectionpool:https://repo.anaconda.com:443 "GET /pkgs/main/channeldata.json HTTP/1.1" 200 None
18:01:04 BIOCONDA INFO (ERR) DEBUG:urllib3.connectionpool:Starting new HTTPS connection (1): conda.anaconda.org:443
18:01:04 BIOCONDA INFO (ERR) DEBUG:urllib3.connectionpool:https://conda.anaconda.org:443 "GET /bioconda/channeldata.json HTTP/1.1" 200 None
18:01:05 BIOCONDA INFO (ERR) DEBUG:urllib3.connectionpool:https://conda.anaconda.org:443 "GET /conda-forge/channeldata.json HTTP/1.1" 200 None
18:01:06 BIOCONDA INFO (ERR) DEBUG:urllib3.connectionpool:https://repo.anaconda.com:443 "GET /pkgs/r/channeldata.json HTTP/1.1" 200 None
18:01:08 BIOCONDA INFO (OUT) Reloading output folder: /home/ivo/mambaforge/envs/biocondaPy37/conda-bld
18:01:08 BIOCONDA INFO (OUT) Reloading output folder: /home/ivo/mambaforge/envs/biocondaPy37/conda-bld
18:01:08 BIOCONDA INFO (OUT) BUILD START: ['perl-convert-pheno-0.0.9-pl5321h77fc8f9_0.tar.bz2']
18:01:08 BIOCONDA INFO (OUT) Reloading output folder: /home/ivo/mambaforge/envs/biocondaPy37/conda-bld
18:01:09 BIOCONDA INFO (OUT) 
18:01:09 BIOCONDA INFO (OUT) ## Package Plan ##
18:01:09 BIOCONDA INFO (OUT) 
18:01:09 BIOCONDA INFO (OUT)   environment location: /home/ivo/mambaforge/envs/biocondaPy37/conda-bld/perl-convert-pheno_1688054385349/_h_env_placehold_placehold_placehold_placehold_placehold_placehold_placehold_placehold_placehold_placehold_placehold_placehold_placehold_placehold_placehold_placehold_placeh
18:01:09 BIOCONDA INFO (OUT) 
18:01:09 BIOCONDA INFO (OUT) 
18:01:09 BIOCONDA INFO (OUT) The following NEW packages will be INSTALLED:
18:01:09 BIOCONDA INFO (OUT) 
18:01:09 BIOCONDA INFO (OUT)     _libgcc_mutex:         0.1-conda_forge         conda-forge
18:01:09 BIOCONDA INFO (OUT)     _openmp_mutex:         4.5-2_gnu               conda-forge
18:01:09 BIOCONDA INFO (OUT)     libgcc-ng:             13.1.0-he5830b7_0       conda-forge
18:01:09 BIOCONDA INFO (OUT)     libgomp:               13.1.0-he5830b7_0       conda-forge
18:01:09 BIOCONDA INFO (OUT)     libnsl:                2.0.0-h7f98852_0        conda-forge
18:01:09 BIOCONDA INFO (OUT)     libstdcxx-ng:          13.1.0-hfd8a6a1_0       conda-forge
18:01:09 BIOCONDA INFO (OUT)     libzlib:               1.2.13-hd590300_5       conda-forge
18:01:09 BIOCONDA INFO (OUT)     perl:                  5.32.1-2_h7f98852_perl5 conda-forge
18:01:09 BIOCONDA INFO (OUT)     perl-app-cpanminus:    1.7046-pl5321hd8ed1ab_0 conda-forge
18:01:09 BIOCONDA INFO (OUT)     perl-common-sense:     3.75-pl5321hd8ed1ab_0   conda-forge
18:01:09 BIOCONDA INFO (OUT)     perl-dbd-sqlite:       1.72-pl5321h031d066_1   bioconda
18:01:09 BIOCONDA INFO (OUT)     perl-dbi:              1.643-pl5321h166bdaf_0  conda-forge
18:01:09 BIOCONDA INFO (OUT)     perl-json-xs:          4.03-pl5321h4ac6f70_2   bioconda
18:01:09 BIOCONDA INFO (OUT)     perl-perlio-gzip:      0.20-pl5321h7132678_6   local
18:01:09 BIOCONDA INFO (OUT)     perl-sort-naturally:   1.03-pl5321hdfd78af_3   bioconda
18:01:09 BIOCONDA INFO (OUT)     perl-sub-uplevel:      0.2800-pl5321h166bdaf_0 conda-forge
18:01:09 BIOCONDA INFO (OUT)     perl-test-exception:   0.43-pl5321hd8ed1ab_0   conda-forge
18:01:09 BIOCONDA INFO (OUT)     perl-types-serialiser: 1.01-pl5321hdfd78af_0   bioconda
18:01:09 BIOCONDA INFO (OUT)     zlib:                  1.2.13-hd590300_5       conda-forge
18:01:09 BIOCONDA INFO (OUT) 
18:01:09 BIOCONDA INFO (OUT) Preparing transaction: ...working... done
18:01:09 BIOCONDA INFO (OUT) Verifying transaction: ...working... done
18:01:10 BIOCONDA INFO (OUT) Executing transaction: ...working... done
18:01:10 BIOCONDA INFO (OUT) Reloading output folder: /home/ivo/mambaforge/envs/biocondaPy37/conda-bld
18:01:10 BIOCONDA INFO (OUT) Reloading output folder: /home/ivo/mambaforge/envs/biocondaPy37/conda-bld
18:01:10 BIOCONDA INFO (OUT) 
18:01:10 BIOCONDA INFO (OUT) ## Package Plan ##
18:01:10 BIOCONDA INFO (OUT) 
18:01:10 BIOCONDA INFO (OUT)   environment location: /home/ivo/mambaforge/envs/biocondaPy37/conda-bld/perl-convert-pheno_1688054385349/_build_env
18:01:10 BIOCONDA INFO (OUT) 
18:01:10 BIOCONDA INFO (OUT) 
18:01:10 BIOCONDA INFO (OUT) The following NEW packages will be INSTALLED:
18:01:10 BIOCONDA INFO (OUT) 
18:01:10 BIOCONDA INFO (OUT)     _libgcc_mutex:           0.1-conda_forge    conda-forge
18:01:10 BIOCONDA INFO (OUT)     _openmp_mutex:           4.5-2_gnu          conda-forge
18:01:10 BIOCONDA INFO (OUT)     binutils_impl_linux-64:  2.39-he00db2b_1    conda-forge
18:01:10 BIOCONDA INFO (OUT)     binutils_linux-64:       2.39-h5fc0e48_13   conda-forge
18:01:10 BIOCONDA INFO (OUT)     gcc_impl_linux-64:       10.4.0-h5231bdf_19 conda-forge
18:01:10 BIOCONDA INFO (OUT)     gcc_linux-64:            10.4.0-h9215b83_13 conda-forge
18:01:10 BIOCONDA INFO (OUT)     kernel-headers_linux-64: 2.6.32-he073ed8_15 conda-forge
18:01:10 BIOCONDA INFO (OUT)     ld_impl_linux-64:        2.39-hcc3a1bd_1    conda-forge
18:01:10 BIOCONDA INFO (OUT)     libgcc-devel_linux-64:   10.4.0-hd38fd1e_19 conda-forge
18:01:10 BIOCONDA INFO (OUT)     libgcc-ng:               13.1.0-he5830b7_0  conda-forge
18:01:10 BIOCONDA INFO (OUT)     libgomp:                 13.1.0-he5830b7_0  conda-forge
18:01:10 BIOCONDA INFO (OUT)     libsanitizer:            10.4.0-h5246dfb_19 conda-forge
18:01:10 BIOCONDA INFO (OUT)     libstdcxx-ng:            13.1.0-hfd8a6a1_0  conda-forge
18:01:10 BIOCONDA INFO (OUT)     make:                    4.3-hd18ef5c_1     conda-forge
18:01:10 BIOCONDA INFO (OUT)     sysroot_linux-64:        2.12-he073ed8_15   conda-forge
18:01:10 BIOCONDA INFO (OUT) 
18:01:10 BIOCONDA INFO (OUT) Preparing transaction: ...working... done
18:01:11 BIOCONDA INFO (OUT) Verifying transaction: ...working... done
18:01:11 BIOCONDA INFO (OUT) Executing transaction: ...working... done
18:01:11 BIOCONDA INFO (OUT) Source cache directory is: /home/ivo/mambaforge/envs/biocondaPy37/conda-bld/src_cache
18:01:11 BIOCONDA INFO (OUT) Downloading source to cache: Convert-Pheno-0.0.9_04b00543c6.tar.gz
18:01:11 BIOCONDA INFO (ERR) INFO:conda_build.source:Source cache directory is: /home/ivo/mambaforge/envs/biocondaPy37/conda-bld/src_cache
18:01:11 BIOCONDA INFO (ERR) INFO:conda_build.source:Downloading source to cache: Convert-Pheno-0.0.9_04b00543c6.tar.gz
18:01:11 BIOCONDA INFO (OUT) Downloading https://cpan.metacpan.org/authors/id/M/MR/MRUEDA/Convert-Pheno-0.0.9.tar.gz
18:01:11 BIOCONDA INFO (ERR) INFO:conda_build.source:Downloading https://cpan.metacpan.org/authors/id/M/MR/MRUEDA/Convert-Pheno-0.0.9.tar.gz
18:01:11 BIOCONDA INFO (ERR) DEBUG:urllib3.connectionpool:Starting new HTTPS connection (1): cpan.metacpan.org:443
18:01:11 BIOCONDA INFO (ERR) DEBUG:urllib3.connectionpool:https://cpan.metacpan.org:443 "GET /authors/id/M/MR/MRUEDA/Convert-Pheno-0.0.9.tar.gz HTTP/1.1" 404 None
18:01:11 BIOCONDA INFO (ERR) Error: HTTP 404 NOT FOUND for url <https://cpan.metacpan.org/authors/id/M/MR/MRUEDA/Convert-Pheno-0.0.9.tar.gz>
18:01:11 BIOCONDA INFO (ERR) Elapsed: 00:00.378760
18:01:11 BIOCONDA INFO (ERR) 
18:01:11 BIOCONDA INFO (ERR) An HTTP error occurred when trying to retrieve this URL.
18:01:11 BIOCONDA INFO (ERR) HTTP errors are often intermittent, and a simple retry will get you on your way.
18:01:11 BIOCONDA INFO (ERR) WARNING:conda_build.source:Error: HTTP 404 NOT FOUND for url <https://cpan.metacpan.org/authors/id/M/MR/MRUEDA/Convert-Pheno-0.0.9.tar.gz>
18:01:11 BIOCONDA INFO (ERR) Elapsed: 00:00.378760
18:01:11 BIOCONDA INFO (ERR) 
18:01:11 BIOCONDA INFO (ERR) An HTTP error occurred when trying to retrieve this URL.
18:01:11 BIOCONDA INFO (ERR) HTTP errors are often intermittent, and a simple retry will get you on your way.
18:01:11 BIOCONDA INFO (ERR) Traceback (most recent call last):
18:01:11 BIOCONDA INFO (ERR)   File "/home/ivo/mambaforge/envs/biocondaPy37/bin/conda-mambabuild", line 10, in <module>
18:01:11 BIOCONDA INFO (ERR)     sys.exit(main())
18:01:11 BIOCONDA INFO (ERR)   File "/home/ivo/mambaforge/envs/biocondaPy37/lib/python3.7/site-packages/boa/cli/mambabuild.py", line 239, in main
18:01:11 BIOCONDA INFO (ERR)     call_conda_build(action, config)
18:01:11 BIOCONDA INFO (ERR)   File "/home/ivo/mambaforge/envs/biocondaPy37/lib/python3.7/site-packages/boa/cli/mambabuild.py", line 218, in call_conda_build
18:01:11 BIOCONDA INFO (ERR)     **kwargs,
18:01:11 BIOCONDA INFO (ERR)   File "/home/ivo/mambaforge/envs/biocondaPy37/lib/python3.7/site-packages/conda_build/api.py", line 195, in build
18:01:11 BIOCONDA INFO (ERR)     variants=variants
18:01:11 BIOCONDA INFO (ERR)   File "/home/ivo/mambaforge/envs/biocondaPy37/lib/python3.7/site-packages/conda_build/build.py", line 3093, in build_tree
18:01:11 BIOCONDA INFO (ERR)     notest=notest,
18:01:11 BIOCONDA INFO (ERR)   File "/home/ivo/mambaforge/envs/biocondaPy37/lib/python3.7/site-packages/conda_build/build.py", line 2138, in build
18:01:11 BIOCONDA INFO (ERR)     try_download(m, no_download_source=False, raise_error=True)
18:01:11 BIOCONDA INFO (ERR)   File "/home/ivo/mambaforge/envs/biocondaPy37/lib/python3.7/site-packages/conda_build/render.py", line 649, in try_download
18:01:11 BIOCONDA INFO (ERR)     source.provide(metadata)
18:01:11 BIOCONDA INFO (ERR)   File "/home/ivo/mambaforge/envs/biocondaPy37/lib/python3.7/site-packages/conda_build/source.py", line 861, in provide
18:01:11 BIOCONDA INFO (ERR)     timeout=metadata.config.timeout, locking=metadata.config.locking)
18:01:11 BIOCONDA INFO (ERR)   File "/home/ivo/mambaforge/envs/biocondaPy37/lib/python3.7/site-packages/conda_build/source.py", line 139, in unpack
18:01:11 BIOCONDA INFO (ERR)     src_path, unhashed_fn = download_to_cache(cache_folder, recipe_path, source_dict, verbose)
18:01:11 BIOCONDA INFO (ERR)   File "/home/ivo/mambaforge/envs/biocondaPy37/lib/python3.7/site-packages/conda_build/source.py", line 95, in download_to_cache
18:01:11 BIOCONDA INFO (ERR)     raise RuntimeError("Could not download %s" % url)
18:01:11 BIOCONDA INFO (ERR) RuntimeError: Could not download https://cpan.metacpan.org/authors/id/M/MR/MRUEDA/Convert-Pheno-0.0.9.tar.gz
18:01:17 BIOCONDA ERROR COMMAND FAILED (exited with 1): /home/ivo/mambaforge/envs/biocondaPy37/bin/conda mambabuild --override-channels --no-anaconda-upload -c conda-forge -c bioconda -c defaults -e /home/ivo/mambaforge/envs/biocondaPy37/conda_build_config.yaml -e /home/ivo/mambaforge/envs/biocondaPy37/lib/python3.7/site-packages/bioconda_utils/bioconda_utils-conda_build_config.yaml recipes/perl-convert-pheno/meta.yaml

18:01:17 BIOCONDA ERROR BUILD FAILED recipes/perl-convert-pheno
18:01:17 BIOCONDA INFO (COMMAND) conda build purge
18:01:17 BIOCONDA ERROR BUILD SUMMARY: of 1 recipes, 1 failed and 0 were skipped. Details of recipes and environments follow.
18:01:17 BIOCONDA ERROR BUILD SUMMARY: FAILED recipe recipes/perl-convert-pheno
